<?xml version="1.0" encoding="utf-8"?><testsuites name="pytest tests"><testsuite name="pytest" errors="0" failures="0" skipped="1" tests="10" time="0.489" timestamp="2026-01-14T00:49:05.807672+00:00" hostname="agent-env-9896b551-5ce2-4506-ba66-1f40b71d9f3e"><testcase classname="tests.test_admin_panel.TestAdminPanel" name="test_admin_login_success" time="0.056" /><testcase classname="tests.test_admin_panel.TestAdminPanel" name="test_admin_login_invalid_credentials" time="0.036" /><testcase classname="tests.test_admin_panel.TestAdminPanel" name="test_admin_get_users" time="0.049" /><testcase classname="tests.test_admin_panel.TestAdminPanel" name="test_admin_get_listings" time="0.050" /><testcase classname="tests.test_admin_panel.TestAdminPanel" name="test_admin_get_stats" time="0.046" /><testcase classname="tests.test_admin_panel.TestAdminPanel" name="test_admin_delete_user_endpoint" time="0.044" /><testcase classname="tests.test_admin_panel.TestAdminPanel" name="test_admin_delete_listing_endpoint" time="0.041" /><testcase classname="tests.test_admin_panel.TestAdminPanel" name="test_admin_block_user_endpoint" time="0.040" /><testcase classname="tests.test_admin_panel.TestAdminPanel" name="test_admin_without_token_fails" time="0.031" /><testcase classname="tests.test_admin_panel.TestAdminDeleteRealData" name="test_admin_can_delete_existing_listing" time="0.046"><skipped type="pytest.skip" message="No listings to test deletion">/app/tests/test_admin_panel.py:195: No listings to test deletion</skipped></testcase></testsuite></testsuites>