<?xml version="1.0" encoding="utf-8"?><testsuites name="pytest tests"><testsuite name="pytest" errors="0" failures="0" skipped="4" tests="17" time="8.908" timestamp="2026-01-14T17:52:45.540052+00:00" hostname="agent-env-367eeadf-c72a-442c-adee-c036320fa0b7"><testcase classname="tests.test_new_features_iteration7.TestStaticDataEndpoints" name="test_faq_returns_8_questions" time="0.072" /><testcase classname="tests.test_new_features_iteration7.TestStaticDataEndpoints" name="test_positions_returns_200_plus" time="0.043" /><testcase classname="tests.test_new_features_iteration7.TestStaticDataEndpoints" name="test_institutions_returns_100_plus" time="0.039" /><testcase classname="tests.test_new_features_iteration7.TestStaticDataEndpoints" name="test_utility_positions_endpoint" time="0.043" /><testcase classname="tests.test_new_features_iteration7.TestStaticDataEndpoints" name="test_utility_institutions_endpoint" time="0.039" /><testcase classname="tests.test_new_features_iteration7.TestUserBlocking" name="test_block_user" time="0.456" /><testcase classname="tests.test_new_features_iteration7.TestUserBlocking" name="test_cannot_block_self" time="0.336" /><testcase classname="tests.test_new_features_iteration7.TestUserBlocking" name="test_cannot_block_same_user_twice" time="0.372" /><testcase classname="tests.test_new_features_iteration7.TestProfileAvatar" name="test_avatar_upload_requires_auth" time="0.038" /><testcase classname="tests.test_new_features_iteration7.TestProfileAvatar" name="test_avatar_delete_requires_auth" time="0.034" /><testcase classname="tests.test_new_features_iteration7.TestProfileAvatar" name="test_avatar_upload_validates_file_type" time="0.383" /><testcase classname="tests.test_new_features_iteration7.TestProfileAvatar" name="test_avatar_upload_and_delete" time="0.374"><skipped type="pytest.skip" message="User profile not created yet">/app/tests/test_new_features_iteration7.py:332: User profile not created yet</skipped></testcase><testcase classname="tests.test_new_features_iteration7.TestListingUserInitials" name="test_listings_include_user_initials" time="0.037" /><testcase classname="tests.test_new_features_iteration7.TestDuplicateInvitationPrevention" name="test_duplicate_invitation_prevention" time="0.793" /><testcase classname="tests.test_new_features_iteration7.TestConversationDeletionNotification" name="test_conversation_deletion_creates_notification" time="0.295"><skipped type="pytest.skip" message="No conversations available">/app/tests/test_new_features_iteration7.py:460: No conversations available</skipped></testcase><testcase classname="tests.test_new_features_iteration7.TestWebSocketEndpoint" name="test_websocket_endpoint_exists" time="5.033"><skipped type="pytest.skip" message="Could not test WebSocket: The read operation timed out">/app/tests/test_new_features_iteration7.py:531: Could not test WebSocket: The read operation timed out</skipped></testcase><testcase classname="tests.test_new_features_iteration7.TestInvitationRateLimiting" name="test_cannot_invite_own_listing" time="0.314"><skipped type="pytest.skip" message="User has no listings">/app/tests/test_new_features_iteration7.py:552: User has no listings</skipped></testcase></testsuite></testsuites>