<?xml version="1.0" encoding="utf-8"?><testsuites name="pytest tests"><testsuite name="pytest" errors="0" failures="0" skipped="0" tests="13" time="0.774" timestamp="2026-01-14T03:07:51.859156+00:00" hostname="agent-env-367eeadf-c72a-442c-adee-c036320fa0b7"><testcase classname="tests.test_admin_account_deletion.TestAdminAccountDeletionRequests" name="test_get_account_deletion_requests" time="0.126" /><testcase classname="tests.test_admin_account_deletion.TestAdminAccountDeletionRequests" name="test_account_deletion_request_structure" time="0.081" /><testcase classname="tests.test_admin_account_deletion.TestAdminAccountDeletionRequests" name="test_reject_nonexistent_account_deletion" time="0.043" /><testcase classname="tests.test_admin_account_deletion.TestAdminAccountDeletionRequests" name="test_approve_nonexistent_account_deletion" time="0.045" /><testcase classname="tests.test_admin_account_deletion.TestAdminAccountDeletionRequests" name="test_clear_nonexistent_account_deletion" time="0.044" /><testcase classname="tests.test_admin_account_deletion.TestAdminListingDeletionRequests" name="test_get_deletion_requests" time="0.040" /><testcase classname="tests.test_admin_account_deletion.TestAdminListingDeletionRequests" name="test_deletion_request_structure" time="0.087" /><testcase classname="tests.test_admin_account_deletion.TestAdminListingDeletionRequests" name="test_clear_deletion_request_endpoint" time="0.036" /><testcase classname="tests.test_admin_account_deletion.TestUserAccountDeletionFlow" name="test_account_deletion_status_endpoint" time="0.033" /><testcase classname="tests.test_admin_account_deletion.TestUserAccountDeletionFlow" name="test_request_account_deletion_endpoint" time="0.072" /><testcase classname="tests.test_admin_account_deletion.TestStaticPages" name="test_terms_page" time="0.036" /><testcase classname="tests.test_admin_account_deletion.TestStaticPages" name="test_privacy_page" time="0.034" /><testcase classname="tests.test_admin_account_deletion.TestStaticPages" name="test_help_page" time="0.035" /></testsuite></testsuites>