<?xml version="1.0" encoding="utf-8"?><testsuites name="pytest tests"><testsuite name="pytest" errors="0" failures="0" skipped="0" tests="21" time="3.748" timestamp="2026-01-14T01:39:40.425747+00:00" hostname="agent-env-9896b551-5ce2-4506-ba66-1f40b71d9f3e"><testcase classname="tests.test_admin_panel.TestAdminPanel" name="test_admin_login_success" time="0.054" /><testcase classname="tests.test_admin_panel.TestAdminPanel" name="test_admin_login_invalid_credentials" time="0.031" /><testcase classname="tests.test_admin_panel.TestAdminPanel" name="test_admin_get_users" time="0.055" /><testcase classname="tests.test_admin_panel.TestAdminPanel" name="test_admin_get_listings" time="0.048" /><testcase classname="tests.test_admin_panel.TestAdminPanel" name="test_admin_get_stats" time="0.085" /><testcase classname="tests.test_admin_panel.TestAdminPanel" name="test_admin_delete_user_endpoint" time="0.095" /><testcase classname="tests.test_admin_panel.TestAdminPanel" name="test_admin_delete_listing_endpoint" time="0.081" /><testcase classname="tests.test_admin_panel.TestAdminPanel" name="test_admin_block_user_endpoint" time="0.039" /><testcase classname="tests.test_admin_panel.TestAdminPanel" name="test_admin_without_token_fails" time="0.032" /><testcase classname="tests.test_admin_panel.TestAdminDeleteRealData" name="test_admin_can_delete_existing_listing" time="0.098" /><testcase classname="tests.test_registration_and_account.TestRegistrationFlow" name="test_register_step1_success" time="0.260" /><testcase classname="tests.test_registration_and_account.TestRegistrationFlow" name="test_register_step1_invalid_email_domain" time="0.034" /><testcase classname="tests.test_registration_and_account.TestRegistrationFlow" name="test_register_step1_duplicate_email" time="0.280" /><testcase classname="tests.test_registration_and_account.TestRegistrationFlow" name="test_verify_email_success" time="0.265" /><testcase classname="tests.test_registration_and_account.TestRegistrationFlow" name="test_verify_email_wrong_code" time="0.319" /><testcase classname="tests.test_registration_and_account.TestRegistrationFlow" name="test_resend_verification_code" time="0.354" /><testcase classname="tests.test_registration_and_account.TestUserAccountDeletion" name="test_user_can_delete_own_account" time="0.374" /><testcase classname="tests.test_registration_and_account.TestUserAccountDeletion" name="test_delete_account_requires_auth" time="0.043" /><testcase classname="tests.test_registration_and_account.TestProfileUpdate" name="test_profile_update_success" time="0.408" /><testcase classname="tests.test_registration_and_account.TestProfileUpdate" name="test_profile_partial_update" time="0.332" /><testcase classname="tests.test_registration_and_account.TestAdminUserDeletion" name="test_admin_can_delete_user" time="0.394" /></testsuite></testsuites>